{"/home/jguerreiro/projects/REACT/weather-app/src/API/search.ts": {"path":"/home/jguerreiro/projects/REACT/weather-app/src/API/search.ts","statementMap":{"0":{"start":{"line":19,"column":22},"end":{"line":21,"column":null}},"1":{"start":{"line":20,"column":2},"end":{"line":20,"column":null}},"2":{"start":{"line":30,"column":14},"end":{"line":32,"column":null}},"3":{"start":{"line":33,"column":15},"end":{"line":33,"column":null}},"4":{"start":{"line":34,"column":2},"end":{"line":36,"column":null}},"5":{"start":{"line":35,"column":4},"end":{"line":35,"column":null}},"6":{"start":{"line":37,"column":15},"end":{"line":37,"column":null}},"7":{"start":{"line":38,"column":2},"end":{"line":38,"column":null}},"8":{"start":{"line":48,"column":14},"end":{"line":48,"column":null}},"9":{"start":{"line":49,"column":15},"end":{"line":49,"column":null}},"10":{"start":{"line":50,"column":2},"end":{"line":52,"column":null}},"11":{"start":{"line":51,"column":4},"end":{"line":51,"column":null}},"12":{"start":{"line":53,"column":15},"end":{"line":53,"column":null}},"13":{"start":{"line":54,"column":2},"end":{"line":54,"column":null}}},"fnMap":{"0":{"name":"(anonymous_0)","decl":{"start":{"line":19,"column":22},"end":{"line":19,"column":28}},"loc":{"start":{"line":19,"column":28},"end":{"line":21,"column":null}},"line":19},"1":{"name":"fetchLocations","decl":{"start":{"line":29,"column":22},"end":{"line":29,"column":37}},"loc":{"start":{"line":29,"column":73},"end":{"line":39,"column":null}},"line":29},"2":{"name":"fetchWeather","decl":{"start":{"line":44,"column":22},"end":{"line":44,"column":null}},"loc":{"start":{"line":47,"column":24},"end":{"line":55,"column":null}},"line":47}},"branchMap":{"0":{"loc":{"start":{"line":34,"column":2},"end":{"line":36,"column":null}},"type":"if","locations":[{"start":{"line":34,"column":2},"end":{"line":36,"column":null}},{"start":{},"end":{}}],"line":34},"1":{"loc":{"start":{"line":38,"column":9},"end":{"line":38,"column":null}},"type":"binary-expr","locations":[{"start":{"line":38,"column":9},"end":{"line":38,"column":25}},{"start":{"line":38,"column":25},"end":{"line":38,"column":null}}],"line":38},"2":{"loc":{"start":{"line":50,"column":2},"end":{"line":52,"column":null}},"type":"if","locations":[{"start":{"line":50,"column":2},"end":{"line":52,"column":null}},{"start":{},"end":{}}],"line":50}},"s":{"0":2,"1":0,"2":1,"3":1,"4":1,"5":0,"6":1,"7":1,"8":1,"9":1,"10":1,"11":0,"12":1,"13":1},"f":{"0":0,"1":1,"2":1},"b":{"0":[0,1],"1":[1,0],"2":[0,1]},"meta":{"lastBranch":3,"lastFunction":3,"lastStatement":14,"seen":{"s:19:22:21:Infinity":0,"f:19:22:19:28":0,"s:20:2:20:Infinity":1,"f:29:22:29:37":1,"s:30:14:32:Infinity":2,"s:33:15:33:Infinity":3,"b:34:2:36:Infinity:undefined:undefined:undefined:undefined":0,"s:34:2:36:Infinity":4,"s:35:4:35:Infinity":5,"s:37:15:37:Infinity":6,"s:38:2:38:Infinity":7,"b:38:9:38:25:38:25:38:Infinity":1,"f:44:22:44:Infinity":2,"s:48:14:48:Infinity":8,"s:49:15:49:Infinity":9,"b:50:2:52:Infinity:undefined:undefined:undefined:undefined":2,"s:50:2:52:Infinity":10,"s:51:4:51:Infinity":11,"s:53:15:53:Infinity":12,"s:54:2:54:Infinity":13}}}
,"/home/jguerreiro/projects/REACT/weather-app/src/Components/ModalHandler/index.tsx": {"path":"/home/jguerreiro/projects/REACT/weather-app/src/Components/ModalHandler/index.tsx","statementMap":{"0":{"start":{"line":10,"column":24},"end":{"line":21,"column":null}},"1":{"start":{"line":13,"column":4},"end":{"line":19,"column":null}},"2":{"start":{"line":31,"column":33},"end":{"line":49,"column":null}},"3":{"start":{"line":33,"column":32},"end":{"line":33,"column":null}},"4":{"start":{"line":35,"column":29},"end":{"line":37,"column":null}},"5":{"start":{"line":36,"column":8},"end":{"line":36,"column":null}},"6":{"start":{"line":39,"column":4},"end":{"line":47,"column":null}}},"fnMap":{"0":{"name":"(anonymous_0)","decl":{"start":{"line":10,"column":24},"end":{"line":10,"column":25}},"loc":{"start":{"line":12,"column":28},"end":{"line":21,"column":null}},"line":12},"1":{"name":"(anonymous_1)","decl":{"start":{"line":31,"column":33},"end":{"line":31,"column":39}},"loc":{"start":{"line":31,"column":39},"end":{"line":49,"column":null}},"line":31},"2":{"name":"(anonymous_2)","decl":{"start":{"line":35,"column":29},"end":{"line":35,"column":35}},"loc":{"start":{"line":35,"column":35},"end":{"line":37,"column":null}},"line":35}},"branchMap":{},"s":{"0":1,"1":3,"2":1,"3":3,"4":3,"5":1,"6":3},"f":{"0":3,"1":3,"2":1},"b":{},"meta":{"lastBranch":0,"lastFunction":3,"lastStatement":7,"seen":{"s:10:24:21:Infinity":0,"f:10:24:10:25":0,"s:13:4:19:Infinity":1,"s:31:33:49:Infinity":2,"f:31:33:31:39":1,"s:33:32:33:Infinity":3,"s:35:29:37:Infinity":4,"f:35:29:35:35":2,"s:36:8:36:Infinity":5,"s:39:4:47:Infinity":6}}}
,"/home/jguerreiro/projects/REACT/weather-app/src/Components/ModalHandler/style.tsx": {"path":"/home/jguerreiro/projects/REACT/weather-app/src/Components/ModalHandler/style.tsx","statementMap":{"0":{"start":{"line":3,"column":37},"end":{"line":3,"column":null}},"1":{"start":{"line":12,"column":28},"end":{"line":12,"column":null}}},"fnMap":{},"branchMap":{},"s":{"0":1,"1":1},"f":{},"b":{},"meta":{"lastBranch":0,"lastFunction":0,"lastStatement":2,"seen":{"s:3:37:3:Infinity":0,"s:12:28:12:Infinity":1}}}
,"/home/jguerreiro/projects/REACT/weather-app/src/Components/SearchModal/index.tsx": {"path":"/home/jguerreiro/projects/REACT/weather-app/src/Components/SearchModal/index.tsx","statementMap":{"0":{"start":{"line":25,"column":25},"end":{"line":35,"column":null}},"1":{"start":{"line":26,"column":30},"end":{"line":30,"column":null}},"2":{"start":{"line":27,"column":8},"end":{"line":29,"column":null}},"3":{"start":{"line":28,"column":12},"end":{"line":28,"column":null}},"4":{"start":{"line":32,"column":4},"end":{"line":33,"column":null}},"5":{"start":{"line":41,"column":18},"end":{"line":185,"column":null}},"6":{"start":{"line":42,"column":26},"end":{"line":42,"column":null}},"7":{"start":{"line":43,"column":38},"end":{"line":43,"column":null}},"8":{"start":{"line":44,"column":52},"end":{"line":44,"column":null}},"9":{"start":{"line":45,"column":32},"end":{"line":45,"column":null}},"10":{"start":{"line":46,"column":30},"end":{"line":46,"column":null}},"11":{"start":{"line":47,"column":30},"end":{"line":47,"column":null}},"12":{"start":{"line":48,"column":26},"end":{"line":48,"column":null}},"13":{"start":{"line":53,"column":4},"end":{"line":65,"column":null}},"14":{"start":{"line":54,"column":8},"end":{"line":64,"column":null}},"15":{"start":{"line":55,"column":23},"end":{"line":62,"column":null}},"16":{"start":{"line":56,"column":16},"end":{"line":56,"column":null}},"17":{"start":{"line":57,"column":16},"end":{"line":57,"column":null}},"18":{"start":{"line":58,"column":16},"end":{"line":58,"column":null}},"19":{"start":{"line":59,"column":16},"end":{"line":59,"column":null}},"20":{"start":{"line":60,"column":16},"end":{"line":60,"column":null}},"21":{"start":{"line":61,"column":16},"end":{"line":61,"column":null}},"22":{"start":{"line":63,"column":12},"end":{"line":63,"column":null}},"23":{"start":{"line":63,"column":25},"end":{"line":63,"column":null}},"24":{"start":{"line":68,"column":4},"end":{"line":90,"column":null}},"25":{"start":{"line":69,"column":8},"end":{"line":71,"column":null}},"26":{"start":{"line":70,"column":12},"end":{"line":70,"column":null}},"27":{"start":{"line":73,"column":24},"end":{"line":87,"column":null}},"28":{"start":{"line":74,"column":12},"end":{"line":74,"column":null}},"29":{"start":{"line":75,"column":12},"end":{"line":86,"column":null}},"30":{"start":{"line":77,"column":20},"end":{"line":77,"column":null}},"31":{"start":{"line":78,"column":20},"end":{"line":78,"column":null}},"32":{"start":{"line":81,"column":20},"end":{"line":81,"column":null}},"33":{"start":{"line":82,"column":20},"end":{"line":82,"column":null}},"34":{"start":{"line":85,"column":20},"end":{"line":85,"column":null}},"35":{"start":{"line":89,"column":8},"end":{"line":89,"column":null}},"36":{"start":{"line":89,"column":21},"end":{"line":89,"column":null}},"37":{"start":{"line":92,"column":30},"end":{"line":103,"column":null}},"38":{"start":{"line":93,"column":21},"end":{"line":93,"column":null}},"39":{"start":{"line":94,"column":8},"end":{"line":94,"column":null}},"40":{"start":{"line":95,"column":8},"end":{"line":98,"column":null}},"41":{"start":{"line":96,"column":12},"end":{"line":96,"column":null}},"42":{"start":{"line":97,"column":12},"end":{"line":97,"column":null}},"43":{"start":{"line":100,"column":8},"end":{"line":100,"column":null}},"44":{"start":{"line":101,"column":8},"end":{"line":101,"column":null}},"45":{"start":{"line":102,"column":8},"end":{"line":102,"column":null}},"46":{"start":{"line":105,"column":34},"end":{"line":125,"column":null}},"47":{"start":{"line":107,"column":8},"end":{"line":107,"column":null}},"48":{"start":{"line":109,"column":8},"end":{"line":109,"column":null}},"49":{"start":{"line":112,"column":8},"end":{"line":112,"column":null}},"50":{"start":{"line":113,"column":8},"end":{"line":113,"column":null}},"51":{"start":{"line":114,"column":8},"end":{"line":114,"column":null}},"52":{"start":{"line":115,"column":8},"end":{"line":115,"column":null}},"53":{"start":{"line":117,"column":8},"end":{"line":124,"column":null}},"54":{"start":{"line":119,"column":16},"end":{"line":119,"column":null}},"55":{"start":{"line":122,"column":16},"end":{"line":122,"column":null}},"56":{"start":{"line":124,"column":27},"end":{"line":124,"column":44}},"57":{"start":{"line":127,"column":4},"end":{"line":127,"column":null}},"58":{"start":{"line":127,"column":21},"end":{"line":127,"column":null}},"59":{"start":{"line":129,"column":4},"end":{"line":183,"column":null}},"60":{"start":{"line":136,"column":24},"end":{"line":136,"column":null}},"61":{"start":{"line":154,"column":28},"end":{"line":162,"column":null}},"62":{"start":{"line":158,"column":47},"end":{"line":158,"column":null}},"63":{"start":{"line":187,"column":27},"end":{"line":189,"column":null}},"64":{"start":{"line":188,"column":4},"end":{"line":188,"column":null}}},"fnMap":{"0":{"name":"(anonymous_0)","decl":{"start":{"line":25,"column":25},"end":{"line":25,"column":26}},"loc":{"start":{"line":25,"column":72},"end":{"line":35,"column":null}},"line":25},"1":{"name":"(anonymous_1)","decl":{"start":{"line":26,"column":30},"end":{"line":26,"column":36}},"loc":{"start":{"line":26,"column":36},"end":{"line":30,"column":null}},"line":26},"2":{"name":"(anonymous_2)","decl":{"start":{"line":41,"column":18},"end":{"line":41,"column":19}},"loc":{"start":{"line":41,"column":65},"end":{"line":185,"column":null}},"line":41},"3":{"name":"(anonymous_3)","decl":{"start":{"line":53,"column":14},"end":{"line":53,"column":20}},"loc":{"start":{"line":53,"column":20},"end":{"line":65,"column":7}},"line":53},"4":{"name":"(anonymous_4)","decl":{"start":{"line":55,"column":41},"end":{"line":55,"column":47}},"loc":{"start":{"line":55,"column":47},"end":{"line":62,"column":15}},"line":55},"5":{"name":"(anonymous_5)","decl":{"start":{"line":63,"column":19},"end":{"line":63,"column":25}},"loc":{"start":{"line":63,"column":25},"end":{"line":63,"column":null}},"line":63},"6":{"name":"(anonymous_6)","decl":{"start":{"line":68,"column":14},"end":{"line":68,"column":20}},"loc":{"start":{"line":68,"column":20},"end":{"line":90,"column":7}},"line":68},"7":{"name":"(anonymous_7)","decl":{"start":{"line":73,"column":35},"end":{"line":73,"column":41}},"loc":{"start":{"line":73,"column":41},"end":{"line":87,"column":11}},"line":73},"8":{"name":"(anonymous_8)","decl":{"start":{"line":76,"column":22},"end":{"line":76,"column":23}},"loc":{"start":{"line":76,"column":34},"end":{"line":79,"column":17}},"line":76},"9":{"name":"(anonymous_9)","decl":{"start":{"line":80,"column":23},"end":{"line":80,"column":29}},"loc":{"start":{"line":80,"column":29},"end":{"line":83,"column":17}},"line":80},"10":{"name":"(anonymous_10)","decl":{"start":{"line":84,"column":25},"end":{"line":84,"column":31}},"loc":{"start":{"line":84,"column":31},"end":{"line":86,"column":17}},"line":84},"11":{"name":"(anonymous_11)","decl":{"start":{"line":89,"column":15},"end":{"line":89,"column":21}},"loc":{"start":{"line":89,"column":21},"end":{"line":89,"column":null}},"line":89},"12":{"name":"(anonymous_12)","decl":{"start":{"line":92,"column":30},"end":{"line":92,"column":31}},"loc":{"start":{"line":92,"column":74},"end":{"line":103,"column":null}},"line":92},"13":{"name":"(anonymous_13)","decl":{"start":{"line":105,"column":34},"end":{"line":105,"column":35}},"loc":{"start":{"line":105,"column":53},"end":{"line":125,"column":null}},"line":105},"14":{"name":"(anonymous_14)","decl":{"start":{"line":118,"column":18},"end":{"line":118,"column":19}},"loc":{"start":{"line":118,"column":27},"end":{"line":120,"column":13}},"line":118},"15":{"name":"(anonymous_15)","decl":{"start":{"line":121,"column":19},"end":{"line":121,"column":25}},"loc":{"start":{"line":121,"column":25},"end":{"line":123,"column":13}},"line":121},"16":{"name":"(anonymous_16)","decl":{"start":{"line":124,"column":21},"end":{"line":124,"column":27}},"loc":{"start":{"line":124,"column":27},"end":{"line":124,"column":44}},"line":124},"17":{"name":"(anonymous_17)","decl":{"start":{"line":135,"column":30},"end":{"line":135,"column":31}},"loc":{"start":{"line":135,"column":37},"end":{"line":137,"column":null}},"line":135},"18":{"name":"(anonymous_18)","decl":{"start":{"line":153,"column":41},"end":{"line":153,"column":42}},"loc":{"start":{"line":154,"column":28},"end":{"line":162,"column":null}},"line":154},"19":{"name":"(anonymous_19)","decl":{"start":{"line":158,"column":41},"end":{"line":158,"column":47}},"loc":{"start":{"line":158,"column":47},"end":{"line":158,"column":null}},"line":158},"20":{"name":"(anonymous_20)","decl":{"start":{"line":187,"column":27},"end":{"line":187,"column":28}},"loc":{"start":{"line":187,"column":74},"end":{"line":189,"column":null}},"line":187}},"branchMap":{"0":{"loc":{"start":{"line":27,"column":8},"end":{"line":29,"column":null}},"type":"if","locations":[{"start":{"line":27,"column":8},"end":{"line":29,"column":null}},{"start":{},"end":{}}],"line":27},"1":{"loc":{"start":{"line":54,"column":8},"end":{"line":64,"column":null}},"type":"if","locations":[{"start":{"line":54,"column":8},"end":{"line":64,"column":null}},{"start":{},"end":{}}],"line":54},"2":{"loc":{"start":{"line":69,"column":8},"end":{"line":71,"column":null}},"type":"if","locations":[{"start":{"line":69,"column":8},"end":{"line":71,"column":null}},{"start":{},"end":{}}],"line":69},"3":{"loc":{"start":{"line":95,"column":8},"end":{"line":98,"column":null}},"type":"if","locations":[{"start":{"line":95,"column":8},"end":{"line":98,"column":null}},{"start":{},"end":{}}],"line":95},"4":{"loc":{"start":{"line":127,"column":4},"end":{"line":127,"column":null}},"type":"if","locations":[{"start":{"line":127,"column":4},"end":{"line":127,"column":null}},{"start":{},"end":{}}],"line":127},"5":{"loc":{"start":{"line":150,"column":17},"end":{"line":150,"column":null}},"type":"binary-expr","locations":[{"start":{"line":150,"column":17},"end":{"line":150,"column":39}},{"start":{"line":150,"column":39},"end":{"line":150,"column":null}}],"line":150},"6":{"loc":{"start":{"line":151,"column":17},"end":{"line":164,"column":null}},"type":"binary-expr","locations":[{"start":{"line":151,"column":17},"end":{"line":151,"column":null}},{"start":{"line":152,"column":20},"end":{"line":164,"column":null}}],"line":151},"7":{"loc":{"start":{"line":161,"column":33},"end":{"line":161,"column":null}},"type":"cond-expr","locations":[{"start":{"line":161,"column":52},"end":{"line":161,"column":78}},{"start":{"line":161,"column":78},"end":{"line":161,"column":null}}],"line":161},"8":{"loc":{"start":{"line":168,"column":17},"end":{"line":172,"column":null}},"type":"binary-expr","locations":[{"start":{"line":168,"column":17},"end":{"line":168,"column":null}},{"start":{"line":169,"column":20},"end":{"line":172,"column":null}}],"line":168},"9":{"loc":{"start":{"line":176,"column":17},"end":{"line":176,"column":null}},"type":"binary-expr","locations":[{"start":{"line":176,"column":17},"end":{"line":176,"column":26}},{"start":{"line":176,"column":26},"end":{"line":176,"column":null}}],"line":176},"10":{"loc":{"start":{"line":179,"column":17},"end":{"line":180,"column":null}},"type":"binary-expr","locations":[{"start":{"line":179,"column":17},"end":{"line":179,"column":37}},{"start":{"line":179,"column":37},"end":{"line":179,"column":null}},{"start":{"line":180,"column":20},"end":{"line":180,"column":null}}],"line":179}},"s":{"0":2,"1":8,"2":1,"3":1,"4":8,"5":2,"6":13,"7":13,"8":13,"9":13,"10":13,"11":13,"12":13,"13":13,"14":5,"15":3,"16":2,"17":2,"18":2,"19":2,"20":2,"21":2,"22":3,"23":3,"24":13,"25":7,"26":3,"27":4,"28":1,"29":1,"30":1,"31":1,"32":0,"33":0,"34":1,"35":4,"36":4,"37":13,"38":3,"39":3,"40":3,"41":0,"42":0,"43":3,"44":3,"45":3,"46":13,"47":1,"48":1,"49":1,"50":1,"51":1,"52":1,"53":1,"54":1,"55":0,"56":1,"57":13,"58":5,"59":8,"60":0,"61":1,"62":1,"63":2,"64":5},"f":{"0":8,"1":1,"2":13,"3":5,"4":2,"5":3,"6":7,"7":1,"8":1,"9":0,"10":1,"11":4,"12":3,"13":1,"14":1,"15":0,"16":1,"17":0,"18":1,"19":1,"20":5},"b":{"0":[1,0],"1":[3,2],"2":[3,4],"3":[0,3],"4":[5,8],"5":[8,0],"6":[13,1],"7":[0,1],"8":[13,1],"9":[13,0],"10":[13,1,1]},"meta":{"lastBranch":11,"lastFunction":21,"lastStatement":65,"seen":{"s:25:25:35:Infinity":0,"f:25:25:25:26":0,"s:26:30:30:Infinity":1,"f:26:30:26:36":1,"b:27:8:29:Infinity:undefined:undefined:undefined:undefined":0,"s:27:8:29:Infinity":2,"s:28:12:28:Infinity":3,"s:32:4:33:Infinity":4,"s:41:18:185:Infinity":5,"f:41:18:41:19":2,"s:42:26:42:Infinity":6,"s:43:38:43:Infinity":7,"s:44:52:44:Infinity":8,"s:45:32:45:Infinity":9,"s:46:30:46:Infinity":10,"s:47:30:47:Infinity":11,"s:48:26:48:Infinity":12,"s:53:4:65:Infinity":13,"f:53:14:53:20":3,"b:54:8:64:Infinity:undefined:undefined:undefined:undefined":1,"s:54:8:64:Infinity":14,"s:55:23:62:Infinity":15,"f:55:41:55:47":4,"s:56:16:56:Infinity":16,"s:57:16:57:Infinity":17,"s:58:16:58:Infinity":18,"s:59:16:59:Infinity":19,"s:60:16:60:Infinity":20,"s:61:16:61:Infinity":21,"s:63:12:63:Infinity":22,"f:63:19:63:25":5,"s:63:25:63:Infinity":23,"s:68:4:90:Infinity":24,"f:68:14:68:20":6,"b:69:8:71:Infinity:undefined:undefined:undefined:undefined":2,"s:69:8:71:Infinity":25,"s:70:12:70:Infinity":26,"s:73:24:87:Infinity":27,"f:73:35:73:41":7,"s:74:12:74:Infinity":28,"s:75:12:86:Infinity":29,"f:76:22:76:23":8,"s:77:20:77:Infinity":30,"s:78:20:78:Infinity":31,"f:80:23:80:29":9,"s:81:20:81:Infinity":32,"s:82:20:82:Infinity":33,"f:84:25:84:31":10,"s:85:20:85:Infinity":34,"s:89:8:89:Infinity":35,"f:89:15:89:21":11,"s:89:21:89:Infinity":36,"s:92:30:103:Infinity":37,"f:92:30:92:31":12,"s:93:21:93:Infinity":38,"s:94:8:94:Infinity":39,"b:95:8:98:Infinity:undefined:undefined:undefined:undefined":3,"s:95:8:98:Infinity":40,"s:96:12:96:Infinity":41,"s:97:12:97:Infinity":42,"s:100:8:100:Infinity":43,"s:101:8:101:Infinity":44,"s:102:8:102:Infinity":45,"s:105:34:125:Infinity":46,"f:105:34:105:35":13,"s:107:8:107:Infinity":47,"s:109:8:109:Infinity":48,"s:112:8:112:Infinity":49,"s:113:8:113:Infinity":50,"s:114:8:114:Infinity":51,"s:115:8:115:Infinity":52,"s:117:8:124:Infinity":53,"f:118:18:118:19":14,"s:119:16:119:Infinity":54,"f:121:19:121:25":15,"s:122:16:122:Infinity":55,"f:124:21:124:27":16,"s:124:27:124:44":56,"b:127:4:127:Infinity:undefined:undefined:undefined:undefined":4,"s:127:4:127:Infinity":57,"s:127:21:127:Infinity":58,"s:129:4:183:Infinity":59,"f:135:30:135:31":17,"s:136:24:136:Infinity":60,"b:150:17:150:39:150:39:150:Infinity":5,"b:151:17:151:Infinity:152:20:164:Infinity":6,"f:153:41:153:42":18,"s:154:28:162:Infinity":61,"f:158:41:158:47":19,"s:158:47:158:Infinity":62,"b:161:52:161:78:161:78:161:Infinity":7,"b:168:17:168:Infinity:169:20:172:Infinity":8,"b:176:17:176:26:176:26:176:Infinity":9,"b:179:17:179:37:179:37:179:Infinity:180:20:180:Infinity":10,"s:187:27:189:Infinity":63,"f:187:27:187:28":20,"s:188:4:188:Infinity":64}}}
,"/home/jguerreiro/projects/REACT/weather-app/src/Components/SearchModal/style.tsx": {"path":"/home/jguerreiro/projects/REACT/weather-app/src/Components/SearchModal/style.tsx","statementMap":{"0":{"start":{"line":3,"column":26},"end":{"line":3,"column":null}},"1":{"start":{"line":11,"column":31},"end":{"line":11,"column":null}},"2":{"start":{"line":18,"column":31},"end":{"line":18,"column":null}},"3":{"start":{"line":28,"column":40},"end":{"line":28,"column":null}},"4":{"start":{"line":57,"column":40},"end":{"line":57,"column":null}},"5":{"start":{"line":71,"column":38},"end":{"line":71,"column":null}},"6":{"start":{"line":76,"column":36},"end":{"line":76,"column":null}},"7":{"start":{"line":91,"column":30},"end":{"line":94,"column":null}},"8":{"start":{"line":94,"column":26},"end":{"line":94,"column":69}},"9":{"start":{"line":100,"column":29},"end":{"line":100,"column":null}},"10":{"start":{"line":110,"column":22},"end":{"line":110,"column":null}}},"fnMap":{"0":{"name":"(anonymous_0)","decl":{"start":{"line":94,"column":16},"end":{"line":94,"column":26}},"loc":{"start":{"line":94,"column":26},"end":{"line":94,"column":69}},"line":94}},"branchMap":{"0":{"loc":{"start":{"line":94,"column":26},"end":{"line":94,"column":69}},"type":"cond-expr","locations":[{"start":{"line":94,"column":46},"end":{"line":94,"column":55}},{"start":{"line":94,"column":55},"end":{"line":94,"column":69}}],"line":94}},"s":{"0":2,"1":2,"2":2,"3":2,"4":2,"5":2,"6":2,"7":2,"8":1,"9":2,"10":2},"f":{"0":1},"b":{"0":[0,1]},"meta":{"lastBranch":1,"lastFunction":1,"lastStatement":11,"seen":{"s:3:26:3:Infinity":0,"s:11:31:11:Infinity":1,"s:18:31:18:Infinity":2,"s:28:40:28:Infinity":3,"s:57:40:57:Infinity":4,"s:71:38:71:Infinity":5,"s:76:36:76:Infinity":6,"s:91:30:94:Infinity":7,"f:94:16:94:26":0,"s:94:26:94:69":8,"b:94:46:94:55:94:55:94:69":0,"s:100:29:100:Infinity":9,"s:110:22:110:Infinity":10}}}
}
